Arguments: 
  /usr/local/bin/node /usr/local/Cellar/yarn/1.10.1/libexec/bin/yarn.js install --save axios

PATH: 
  /usr/local/bin:/usr/bin:/bin:/usr/sbin:/sbin

Yarn version: 
  1.10.1

Node version: 
  8.12.0

Platform: 
  darwin x64

Trace: 
  SyntaxError: /Users/gabe/Documents/GitHub/react-sequelize-boilerplate/package.json: Unexpected string in JSON at position 149
      at JSON.parse (<anonymous>)
      at /usr/local/Cellar/yarn/1.10.1/libexec/lib/cli.js:1136:59
      at Generator.next (<anonymous>)
      at step (/usr/local/Cellar/yarn/1.10.1/libexec/lib/cli.js:98:30)
      at /usr/local/Cellar/yarn/1.10.1/libexec/lib/cli.js:109:13
      at <anonymous>

npm manifest: 
  {
    "name": "react-sequelize-boilerplate",
    "version": "1.0.0",
    "main": "index.js",
    "author": "Gabe <gperry22@gmail.com>",
    "license": "MIT"
    "scripts": {
      "server": "node server.js",
      "client": "node scripts/start-client.js",
      "dev": "concurrently \"nodemon server.js\" \"npm run client\"",
      "start": "node server.js",
      "build": "node scripts/build.js",
      "seed": "node scripts/seedDB.js",
      "test": "echo \"Error: no test specified\" && exit 1",
      "installDeps": "yarn && cd client && yarn"
    },
    "proxy": "http://localhost:3001"
  }

yarn manifest: 
  No manifest

Lockfile: 
  No lockfile
